<?xml version="1.0" encoding="UTF-8"?>
<!-- Generated by org.testng.reporters.JUnitReportReporter -->
<testsuite skipped="0" hostname="JR-ACER" name="test.LoginTest" tests="1" failures="0" timestamp="04 Jul 2020 15:40:34 GMT" time="2.814" errors="0">
  <testcase name="loginTest" time="2.814" classname="test.LoginTest"/>
</testsuite> <!-- test.LoginTest -->
